{
"/home/gefalko/WebstormProjects/gecar.lt/front/src/app/about/gecar/gecar.component.ts":{"path":"/home/gefalko/WebstormProjects/gecar.lt/front/src/app/about/gecar/gecar.component.ts","s":{"1":1,"2":1,"3":1,"4":1,"5":1,"6":0,"7":1,"8":1,"9":1},"b":{},"f":{"1":1,"2":0,"3":0},"fnMap":{"1":{"name":"(anonymous_1)","line":4,"loc":{"start":{"line":4,"column":27},"end":{"line":4,"column":39}}},"2":{"name":"AboutGecarComponent","line":5,"loc":{"start":{"line":5,"column":4},"end":{"line":5,"column":35}}},"3":{"name":"(anonymous_3)","line":8,"loc":{"start":{"line":8,"column":45},"end":{"line":8,"column":57}}}},"statementMap":{"1":{"start":{"line":2,"column":0},"end":{"line":2,"column":62}},"2":{"start":{"line":3,"column":0},"end":{"line":3,"column":38}},"3":{"start":{"line":4,"column":0},"end":{"line":12,"column":5}},"4":{"start":{"line":5,"column":4},"end":{"line":7,"column":5}},"5":{"start":{"line":8,"column":4},"end":{"line":10,"column":6}},"6":{"start":{"line":9,"column":8},"end":{"line":9,"column":34}},"7":{"start":{"line":11,"column":4},"end":{"line":11,"column":31}},"8":{"start":{"line":13,"column":0},"end":{"line":19,"column":24}},"9":{"start":{"line":20,"column":0},"end":{"line":20,"column":50}}},"branchMap":{},"code":["\"use strict\";","Object.defineProperty(exports, \"__esModule\", { value: true });","var core_1 = require(\"@angular/core\");","var AboutGecarComponent = (function () {","    function AboutGecarComponent() {","        // Do stuff","    }","    AboutGecarComponent.prototype.ngOnInit = function () {","        console.log('Hello Home');","    };","    return AboutGecarComponent;","}());","AboutGecarComponent = __decorate([","    core_1.Component({","        selector: 'about-gecar',","        template: require('./gecar.component.html'),","    }),","    __metadata(\"design:paramtypes\", [])","], AboutGecarComponent);","exports.AboutGecarComponent = AboutGecarComponent;","//# sourceMappingURL=data:application/json;base64,eyJ2ZXJzaW9uIjozLCJmaWxlIjoiZ2VjYXIuY29tcG9uZW50LmpzIiwic291cmNlUm9vdCI6IiIsInNvdXJjZXMiOlsiZ2VjYXIuY29tcG9uZW50LnRzIl0sIm5hbWVzIjpbXSwibWFwcGluZ3MiOiI7O0FBQUEsc0NBQWtEO0FBTWxELElBQWEsbUJBQW1CO0lBRTlCO1FBQ0UsV0FBVztJQUNiLENBQUM7SUFFRCxzQ0FBUSxHQUFSO1FBQ0UsT0FBTyxDQUFDLEdBQUcsQ0FBQyxZQUFZLENBQUMsQ0FBQztJQUM1QixDQUFDO0lBRUgsMEJBQUM7QUFBRCxDQUFDLEFBVkQsSUFVQztBQVZZLG1CQUFtQjtJQUovQixnQkFBUyxDQUFDO1FBQ1QsUUFBUSxFQUFFLGFBQWE7UUFDdkIsUUFBUSxFQUFFLE9BQU8sQ0FBQyx3QkFBd0IsQ0FBQztLQUM1QyxDQUFDOztHQUNXLG1CQUFtQixDQVUvQjtBQVZZLGtEQUFtQiJ9"],"l":{"2":1,"3":1,"4":1,"5":1,"8":1,"9":0,"11":1,"13":1,"20":1}},
"/home/gefalko/WebstormProjects/gecar.lt/front/src/app/about/price/price.component.ts":{"path":"/home/gefalko/WebstormProjects/gecar.lt/front/src/app/about/price/price.component.ts","s":{"1":1,"2":1,"3":1,"4":1,"5":1,"6":1,"7":1,"8":1,"9":1},"b":{},"f":{"1":1,"2":1,"3":1},"fnMap":{"1":{"name":"(anonymous_1)","line":4,"loc":{"start":{"line":4,"column":27},"end":{"line":4,"column":39}}},"2":{"name":"AboutPriceComponent","line":5,"loc":{"start":{"line":5,"column":4},"end":{"line":5,"column":35}}},"3":{"name":"(anonymous_3)","line":8,"loc":{"start":{"line":8,"column":45},"end":{"line":8,"column":57}}}},"statementMap":{"1":{"start":{"line":2,"column":0},"end":{"line":2,"column":62}},"2":{"start":{"line":3,"column":0},"end":{"line":3,"column":38}},"3":{"start":{"line":4,"column":0},"end":{"line":12,"column":5}},"4":{"start":{"line":5,"column":4},"end":{"line":7,"column":5}},"5":{"start":{"line":8,"column":4},"end":{"line":10,"column":6}},"6":{"start":{"line":9,"column":8},"end":{"line":9,"column":35}},"7":{"start":{"line":11,"column":4},"end":{"line":11,"column":31}},"8":{"start":{"line":13,"column":0},"end":{"line":20,"column":24}},"9":{"start":{"line":21,"column":0},"end":{"line":21,"column":50}}},"branchMap":{},"code":["\"use strict\";","Object.defineProperty(exports, \"__esModule\", { value: true });","var core_1 = require(\"@angular/core\");","var AboutPriceComponent = (function () {","    function AboutPriceComponent() {","        // Do stuff","    }","    AboutPriceComponent.prototype.ngOnInit = function () {","        console.log('Hello About');","    };","    return AboutPriceComponent;","}());","AboutPriceComponent = __decorate([","    core_1.Component({","        selector: 'about-price',","        template: require('./price.component.html'),","        styles: [require('./price.component.scss')]","    }),","    __metadata(\"design:paramtypes\", [])","], AboutPriceComponent);","exports.AboutPriceComponent = AboutPriceComponent;","//# sourceMappingURL=data:application/json;base64,eyJ2ZXJzaW9uIjozLCJmaWxlIjoicHJpY2UuY29tcG9uZW50LmpzIiwic291cmNlUm9vdCI6IiIsInNvdXJjZXMiOlsicHJpY2UuY29tcG9uZW50LnRzIl0sIm5hbWVzIjpbXSwibWFwcGluZ3MiOiI7O0FBQUEsc0NBQWtEO0FBT2xELElBQWEsbUJBQW1CO0lBRTlCO1FBQ0UsV0FBVztJQUNiLENBQUM7SUFFRCxzQ0FBUSxHQUFSO1FBQ0UsT0FBTyxDQUFDLEdBQUcsQ0FBQyxhQUFhLENBQUMsQ0FBQztJQUM3QixDQUFDO0lBRUgsMEJBQUM7QUFBRCxDQUFDLEFBVkQsSUFVQztBQVZZLG1CQUFtQjtJQUwvQixnQkFBUyxDQUFDO1FBQ1QsUUFBUSxFQUFFLGFBQWE7UUFDdkIsUUFBUSxFQUFFLE9BQU8sQ0FBQyx3QkFBd0IsQ0FBQztRQUMzQyxNQUFNLEVBQUUsQ0FBQyxPQUFPLENBQUMsd0JBQXdCLENBQUMsQ0FBQztLQUM1QyxDQUFDOztHQUNXLG1CQUFtQixDQVUvQjtBQVZZLGtEQUFtQiJ9"],"l":{"2":1,"3":1,"4":1,"5":1,"8":1,"9":1,"11":1,"13":1,"21":1}},
"/home/gefalko/WebstormProjects/gecar.lt/front/src/app/shared/index.ts":{"path":"/home/gefalko/WebstormProjects/gecar.lt/front/src/app/shared/index.ts","s":{"1":1,"2":1,"3":1,"4":1,"5":1,"6":1},"b":{"1":[1,0]},"f":{"1":1},"fnMap":{"1":{"name":"__export","line":2,"loc":{"start":{"line":2,"column":0},"end":{"line":2,"column":21}}}},"statementMap":{"1":{"start":{"line":2,"column":0},"end":{"line":4,"column":1}},"2":{"start":{"line":3,"column":4},"end":{"line":3,"column":71}},"3":{"start":{"line":3,"column":21},"end":{"line":3,"column":71}},"4":{"start":{"line":3,"column":53},"end":{"line":3,"column":71}},"5":{"start":{"line":5,"column":0},"end":{"line":5,"column":62}},"6":{"start":{"line":6,"column":0},"end":{"line":6,"column":35}}},"branchMap":{"1":{"line":3,"type":"if","locations":[{"start":{"line":3,"column":21},"end":{"line":3,"column":21}},{"start":{"line":3,"column":21},"end":{"line":3,"column":21}}]}},"code":["\"use strict\";","function __export(m) {","    for (var p in m) if (!exports.hasOwnProperty(p)) exports[p] = m[p];","}","Object.defineProperty(exports, \"__esModule\", { value: true });","__export(require(\"./api.service\"));","//# sourceMappingURL=data:application/json;base64,eyJ2ZXJzaW9uIjozLCJmaWxlIjoiaW5kZXguanMiLCJzb3VyY2VSb290IjoiIiwic291cmNlcyI6WyJpbmRleC50cyJdLCJuYW1lcyI6W10sIm1hcHBpbmdzIjoiOzs7OztBQUFBLG1DQUE4QiJ9"],"l":{"2":1,"3":1,"5":1,"6":1}},
"/home/gefalko/WebstormProjects/gecar.lt/front/src/app/shared/api.service.ts":{"path":"/home/gefalko/WebstormProjects/gecar.lt/front/src/app/shared/api.service.ts","s":{"1":1,"2":1,"3":1,"4":1,"5":2,"6":1,"7":1,"8":1},"b":{},"f":{"1":1,"2":2},"fnMap":{"1":{"name":"(anonymous_1)","line":4,"loc":{"start":{"line":4,"column":18},"end":{"line":4,"column":30}}},"2":{"name":"ApiService","line":5,"loc":{"start":{"line":5,"column":4},"end":{"line":5,"column":26}}}},"statementMap":{"1":{"start":{"line":2,"column":0},"end":{"line":2,"column":62}},"2":{"start":{"line":3,"column":0},"end":{"line":3,"column":38}},"3":{"start":{"line":4,"column":0},"end":{"line":9,"column":5}},"4":{"start":{"line":5,"column":4},"end":{"line":7,"column":5}},"5":{"start":{"line":6,"column":8},"end":{"line":6,"column":33}},"6":{"start":{"line":8,"column":4},"end":{"line":8,"column":22}},"7":{"start":{"line":10,"column":0},"end":{"line":12,"column":15}},"8":{"start":{"line":13,"column":0},"end":{"line":13,"column":32}}},"branchMap":{},"code":["\"use strict\";","Object.defineProperty(exports, \"__esModule\", { value: true });","var core_1 = require(\"@angular/core\");","var ApiService = (function () {","    function ApiService() {","        this.title = 'Angular 2';","    }","    return ApiService;","}());","ApiService = __decorate([","    core_1.Injectable()","], ApiService);","exports.ApiService = ApiService;","//# sourceMappingURL=data:application/json;base64,eyJ2ZXJzaW9uIjozLCJmaWxlIjoiYXBpLnNlcnZpY2UuanMiLCJzb3VyY2VSb290IjoiIiwic291cmNlcyI6WyJhcGkuc2VydmljZS50cyJdLCJuYW1lcyI6W10sIm1hcHBpbmdzIjoiOztBQUFBLHNDQUEyQztBQUczQyxJQUFhLFVBQVU7SUFEdkI7UUFFRSxVQUFLLEdBQUcsV0FBVyxDQUFDO0lBQ3RCLENBQUM7SUFBRCxpQkFBQztBQUFELENBQUMsQUFGRCxJQUVDO0FBRlksVUFBVTtJQUR0QixpQkFBVSxFQUFFO0dBQ0EsVUFBVSxDQUV0QjtBQUZZLGdDQUFVIn0="],"l":{"2":1,"3":1,"4":1,"5":1,"6":2,"8":1,"10":1,"13":1}},
"/home/gefalko/WebstormProjects/gecar.lt/front/src/app/app.component.ts":{"path":"/home/gefalko/WebstormProjects/gecar.lt/front/src/app/app.component.ts","s":{"1":1,"2":1,"3":1,"4":1,"5":1,"6":1,"7":1,"8":1,"9":1,"10":1,"11":1,"12":1},"b":{},"f":{"1":1,"2":1},"fnMap":{"1":{"name":"(anonymous_1)","line":6,"loc":{"start":{"line":6,"column":20},"end":{"line":6,"column":32}}},"2":{"name":"AppComponent","line":7,"loc":{"start":{"line":7,"column":4},"end":{"line":7,"column":31}}}},"statementMap":{"1":{"start":{"line":2,"column":0},"end":{"line":2,"column":62}},"2":{"start":{"line":3,"column":0},"end":{"line":3,"column":38}},"3":{"start":{"line":4,"column":0},"end":{"line":4,"column":35}},"4":{"start":{"line":5,"column":0},"end":{"line":5,"column":29}},"5":{"start":{"line":6,"column":0},"end":{"line":13,"column":5}},"6":{"start":{"line":7,"column":4},"end":{"line":11,"column":5}},"7":{"start":{"line":8,"column":8},"end":{"line":8,"column":23}},"8":{"start":{"line":9,"column":8},"end":{"line":9,"column":65}},"9":{"start":{"line":10,"column":8},"end":{"line":10,"column":36}},"10":{"start":{"line":12,"column":4},"end":{"line":12,"column":24}},"11":{"start":{"line":14,"column":0},"end":{"line":21,"column":17}},"12":{"start":{"line":22,"column":0},"end":{"line":22,"column":36}}},"branchMap":{},"code":["\"use strict\";","Object.defineProperty(exports, \"__esModule\", { value: true });","var core_1 = require(\"@angular/core\");","var shared_1 = require(\"./shared\");","require(\"../style/app.scss\");","var AppComponent = (function () {","    function AppComponent(api) {","        this.api = api;","        this.url = 'https://github.com/preboot/angular2-webpack';","        this.title = this.api.title;","    }","    return AppComponent;","}());","AppComponent = __decorate([","    core_1.Component({","        selector: 'my-app',","        template: require('./app.component.html'),","        styles: [require('./app.component.scss')],","    }),","    __metadata(\"design:paramtypes\", [shared_1.ApiService])","], AppComponent);","exports.AppComponent = AppComponent;","//# sourceMappingURL=data:application/json;base64,eyJ2ZXJzaW9uIjozLCJmaWxlIjoiYXBwLmNvbXBvbmVudC5qcyIsInNvdXJjZVJvb3QiOiIiLCJzb3VyY2VzIjpbImFwcC5jb21wb25lbnQudHMiXSwibmFtZXMiOltdLCJtYXBwaW5ncyI6Ijs7QUFBQSxzQ0FBMEM7QUFFMUMsbUNBQXNDO0FBRXRDLDZCQUEyQjtBQU8zQixJQUFhLFlBQVk7SUFJdkIsc0JBQW9CLEdBQWU7UUFBZixRQUFHLEdBQUgsR0FBRyxDQUFZO1FBSG5DLFFBQUcsR0FBRyw2Q0FBNkMsQ0FBQztRQUlsRCxJQUFJLENBQUMsS0FBSyxHQUFHLElBQUksQ0FBQyxHQUFHLENBQUMsS0FBSyxDQUFDO0lBQzlCLENBQUM7SUFDSCxtQkFBQztBQUFELENBQUMsQUFQRCxJQU9DO0FBUFksWUFBWTtJQUx4QixnQkFBUyxDQUFDO1FBQ1QsUUFBUSxFQUFFLFFBQVE7UUFDbEIsUUFBUSxFQUFFLE9BQU8sQ0FBQyxzQkFBc0IsQ0FBQztRQUN6QyxNQUFNLEVBQUUsQ0FBQyxPQUFPLENBQUMsc0JBQXNCLENBQUMsQ0FBQztLQUMxQyxDQUFDO3FDQUt5QixtQkFBVTtHQUp4QixZQUFZLENBT3hCO0FBUFksb0NBQVkifQ=="],"l":{"2":1,"3":1,"4":1,"5":1,"6":1,"7":1,"8":1,"9":1,"10":1,"12":1,"14":1,"22":1}}}
